#
# There is insufficient memory for the Java Runtime Environment to continue.
# Native memory allocation (mmap) failed to map 132120576 bytes for G1 virtual space
# Possible reasons:
#   The system is out of physical RAM or swap space
#   The process is running with CompressedOops enabled, and the Java Heap may be blocking the growth of the native heap
# Possible solutions:
#   Reduce memory load on the system
#   Increase physical memory or swap space
#   Check if swap backing store is full
#   Decrease Java heap size (-Xmx/-Xms)
#   Decrease number of Java threads
#   Decrease Java thread stack sizes (-Xss)
#   Set larger code cache with -XX:ReservedCodeCacheSize=
#   JVM is running with Unscaled Compressed Oops mode in which the Java heap is
#     placed in the first 4GB address space. The Java Heap base address is the
#     maximum limit for the native heap growth. Please use -XX:HeapBaseMinAddress
#     to set the Java Heap base and to place the Java Heap above 4GB virtual address.
# This output file may be truncated or incomplete.
#
#  Out of Memory Error (os_windows.cpp:3600), pid=8672, tid=15280
#
# JRE version:  (21.0.1+12) (build )
# Java VM: Java HotSpot(TM) 64-Bit Server VM (21.0.1+12-LTS-29, mixed mode, sharing, tiered, compressed oops, compressed class ptrs, g1 gc, windows-amd64)
# No core dump will be written. Minidumps are not enabled by default on client versions of Windows
#

---------------  S U M M A R Y ------------

Command Line: -Dorg.gradle.internal.worker.tmpdir=F:\Java program\JunitAutomation\build\tmp\test\work -Dorg.gradle.native=false -Xmx512m -Dfile.encoding=windows-1252 -Duser.country=US -Duser.language=en -Duser.variant -ea worker.org.gradle.process.internal.worker.GradleWorkerMain 'Gradle Test Executor 36'

Host: Intel(R) Core(TM) i5-8265U CPU @ 1.60GHz, 8 cores, 7G,  Windows 11 , 64 bit Build 22621 (10.0.22621.3235)
Time: Fri Mar  1 20:41:16 2024 Bangladesh Standard Time elapsed time: 0.015793 seconds (0d 0h 0m 0s)

---------------  T H R E A D  ---------------

Current thread (0x0000023b9f7e8770):  JavaThread "Unknown thread" [_thread_in_vm, id=15280, stack(0x000000d7ef100000,0x000000d7ef200000) (1024K)]

Stack: [0x000000d7ef100000,0x000000d7ef200000]
Native frames: (J=compiled Java code, j=interpreted, Vv=VM code, C=native code)
V  [jvm.dll+0x6c9029]
V  [jvm.dll+0x854b81]
V  [jvm.dll+0x856e5e]
V  [jvm.dll+0x857543]
V  [jvm.dll+0x280c06]
V  [jvm.dll+0x6c5715]
V  [jvm.dll+0x6ba10a]
V  [jvm.dll+0x3557ea]
V  [jvm.dll+0x35d436]
V  [jvm.dll+0x3ae1be]
V  [jvm.dll+0x3ae468]
V  [jvm.dll+0x3291fc]
V  [jvm.dll+0x329d8b]
V  [jvm.dll+0x81d179]
V  [jvm.dll+0x3bb4f1]
V  [jvm.dll+0x805ae8]
V  [jvm.dll+0x44effe]
V  [jvm.dll+0x450901]
C  [jli.dll+0x52a3]
C  [ucrtbase.dll+0x29363]
C  [KERNEL32.DLL+0x1257d]
C  [ntdll.dll+0x5aa58]


---------------  P R O C E S S  ---------------

Threads class SMR info:
_java_thread_list=0x00007ffe17499b88, length=0, elements={
}

Java Threads: ( => current thread )
Total: 0

Other Threads:
  0x0000023b9f96e000 WorkerThread "GC Thread#0"                     [id=31168, stack(0x000000d7ef200000,0x000000d7ef300000) (1024K)]
  0x0000023b9f972ef0 ConcurrentGCThread "G1 Main Marker"            [id=31916, stack(0x000000d7ef300000,0x000000d7ef400000) (1024K)]
  0x0000023b9f973ab0 WorkerThread "G1 Conc#0"                       [id=31216, stack(0x000000d7ef400000,0x000000d7ef500000) (1024K)]

[error occurred during error reporting (printing all threads), id 0xc0000005, EXCEPTION_ACCESS_VIOLATION (0xc0000005) at pc=0x00007ffe16c0c2c7]
VM state: not at safepoint (not fully initialized)

VM Mutex/Monitor currently owned by a thread:  ([mutex/lock_event])
[0x00007ffe1750a6f8] Heap_lock - owner thread: 0x0000023b9f7e8770

Heap address: 0x00000000e0000000, size: 512 MB, Compressed Oops mode: 32-bit

CDS archive(s) mapped at: [0x0000000000000000-0x0000000000000000-0x0000000000000000), size 0, SharedBaseAddress: 0x0000000800000000, ArchiveRelocationMode: 1.
Narrow klass base: 0x0000000000000000, Narrow klass shift: 0, Narrow klass range: 0x0

GC Precious Log:
 CardTable entry size: 512
 Card Set container configuration: InlinePtr #cards 5 size 8 Array Of Cards #cards 12 size 40 Howl #buckets 4 coarsen threshold 1843 Howl Bitmap #cards 512 size 80 coarsen threshold 460 Card regions per heap region 1 cards per card region 2048

Heap:
 garbage-first heap   total 0K, used 0K [0x00000000e0000000, 0x0000000100000000)
  region size 1024K, 0 young (0K), 0 survivors (0K)

[error occurred during error reporting (printing heap information), id 0xc0000005, EXCEPTION_ACCESS_VIOLATION (0xc0000005) at pc=0x00007ffe16ff1be9]
GC Heap History (0 events):
No events

Dll operation events (1 events):
Event: 0.011 Loaded shared library C:\Program Files\Java\jdk-21\bin\java.dll

Deoptimization events (0 events):
No events

Classes loaded (0 events):
No events

Classes unloaded (0 events):
No events

Classes redefined (0 events):
No events

Internal exceptions (0 events):
No events

ZGC Phase Switch (0 events):
No events

VM Operations (0 events):
No events

Events (0 events):
No events


Dynamic libraries:
0x00007ff67dfc0000 - 0x00007ff67dfd0000 	C:\Program Files\Java\jdk-21\bin\java.exe
0x00007ffe68f10000 - 0x00007ffe69126000 	C:\WINDOWS\SYSTEM32\ntdll.dll
0x00007ffe68480000 - 0x00007ffe68544000 	C:\WINDOWS\System32\KERNEL32.DLL
0x00007ffe668b0000 - 0x00007ffe66c56000 	C:\WINDOWS\System32\KERNELBASE.dll
0x00007ffe66370000 - 0x00007ffe66481000 	C:\WINDOWS\System32\ucrtbase.dll
0x00007ffe5ae90000 - 0x00007ffe5aea9000 	C:\Program Files\Java\jdk-21\bin\jli.dll
0x00007ffe5aeb0000 - 0x00007ffe5aecb000 	C:\Program Files\Java\jdk-21\bin\VCRUNTIME140.dll
0x00007ffe67790000 - 0x00007ffe67842000 	C:\WINDOWS\System32\ADVAPI32.dll
0x00007ffe67530000 - 0x00007ffe675d7000 	C:\WINDOWS\System32\msvcrt.dll
0x00007ffe67270000 - 0x00007ffe67318000 	C:\WINDOWS\System32\sechost.dll
0x00007ffe66490000 - 0x00007ffe664b8000 	C:\WINDOWS\System32\bcrypt.dll
0x00007ffe67380000 - 0x00007ffe67495000 	C:\WINDOWS\System32\RPCRT4.dll
0x00007ffe682d0000 - 0x00007ffe6847d000 	C:\WINDOWS\System32\USER32.dll
0x00007ffe55140000 - 0x00007ffe553d3000 	C:\WINDOWS\WinSxS\amd64_microsoft.windows.common-controls_6595b64144ccf1df_6.0.22621.3235_none_270f74e173860f98\COMCTL32.dll
0x00007ffe66690000 - 0x00007ffe666b6000 	C:\WINDOWS\System32\win32u.dll
0x00007ffe68250000 - 0x00007ffe68279000 	C:\WINDOWS\System32\GDI32.dll
0x00007ffe66250000 - 0x00007ffe66368000 	C:\WINDOWS\System32\gdi32full.dll
0x00007ffe665f0000 - 0x00007ffe6668a000 	C:\WINDOWS\System32\msvcp_win.dll
0x00007ffe5c1e0000 - 0x00007ffe5c1ea000 	C:\WINDOWS\SYSTEM32\VERSION.dll
0x00007ffe67690000 - 0x00007ffe676c1000 	C:\WINDOWS\System32\IMM32.DLL
0x00007ffe5be90000 - 0x00007ffe5be9c000 	C:\Program Files\Java\jdk-21\bin\vcruntime140_1.dll
0x00007ffe4fbd0000 - 0x00007ffe4fc5e000 	C:\Program Files\Java\jdk-21\bin\msvcp140.dll
0x00007ffe168d0000 - 0x00007ffe175e5000 	C:\Program Files\Java\jdk-21\bin\server\jvm.dll
0x00007ffe674b0000 - 0x00007ffe67521000 	C:\WINDOWS\System32\WS2_32.dll
0x00007ffe65a20000 - 0x00007ffe65a6d000 	C:\WINDOWS\SYSTEM32\POWRPROF.dll
0x00007ffe5bc90000 - 0x00007ffe5bcc4000 	C:\WINDOWS\SYSTEM32\WINMM.dll
0x00007ffe659d0000 - 0x00007ffe659e3000 	C:\WINDOWS\SYSTEM32\UMPDC.dll
0x00007ffe65250000 - 0x00007ffe65268000 	C:\WINDOWS\SYSTEM32\kernel.appcore.dll
0x00007ffe5b4d0000 - 0x00007ffe5b4da000 	C:\Program Files\Java\jdk-21\bin\jimage.dll
0x00007ffe60af0000 - 0x00007ffe60d23000 	C:\WINDOWS\SYSTEM32\DBGHELP.DLL
0x00007ffe68900000 - 0x00007ffe68c88000 	C:\WINDOWS\System32\combase.dll
0x00007ffe68df0000 - 0x00007ffe68ec7000 	C:\WINDOWS\System32\OLEAUT32.dll
0x00007ffe5ab70000 - 0x00007ffe5aba2000 	C:\WINDOWS\SYSTEM32\dbgcore.DLL
0x00007ffe66830000 - 0x00007ffe668aa000 	C:\WINDOWS\System32\bcryptPrimitives.dll
0x00007ffe5a830000 - 0x00007ffe5a84f000 	C:\Program Files\Java\jdk-21\bin\java.dll

dbghelp: loaded successfully - version: 4.0.5 - missing functions: none
symbol engine: initialized successfully - sym options: 0x614 - pdb path: .;C:\Program Files\Java\jdk-21\bin;C:\WINDOWS\SYSTEM32;C:\WINDOWS\WinSxS\amd64_microsoft.windows.common-controls_6595b64144ccf1df_6.0.22621.3235_none_270f74e173860f98;C:\Program Files\Java\jdk-21\bin\server

VM Arguments:
jvm_args: -Dorg.gradle.internal.worker.tmpdir=F:\Java program\JunitAutomation\build\tmp\test\work -Dorg.gradle.native=false -Xmx512m -Dfile.encoding=windows-1252 -Duser.country=US -Duser.language=en -Duser.variant -ea 
java_command: worker.org.gradle.process.internal.worker.GradleWorkerMain 'Gradle Test Executor 36'
java_class_path (initial): C:\Users\Asus\.gradle\caches\8.6\workerMain\gradle-worker.jar;F:\Java program\JunitAutomation\build\classes\java\test;F:\Java program\JunitAutomation\build\resources\test;C:\Users\Asus\.gradle\caches\modules-2\files-2.1\org.seleniumhq.selenium\selenium-java\4.18.1\a2145eb54c20f40fbbdaca133f7c2094b527ceda\selenium-java-4.18.1.jar;C:\Users\Asus\.gradle\caches\modules-2\files-2.1\commons-io\commons-io\2.15.1\f11560da189ab563a5c8e351941415430e9304ea\commons-io-2.15.1.jar;C:\Users\Asus\.gradle\caches\modules-2\files-2.1\org.junit.jupiter\junit-jupiter\5.9.1\9274d3757e224bc02eae367bd481062a263c150b\junit-jupiter-5.9.1.jar;C:\Users\Asus\.gradle\caches\modules-2\files-2.1\org.junit.jupiter\junit-jupiter-params\5.9.1\ffcd1013edaeee112be11fcddeb38882d79238de\junit-jupiter-params-5.9.1.jar;C:\Users\Asus\.gradle\caches\modules-2\files-2.1\org.junit.jupiter\junit-jupiter-engine\5.9.1\1bf771097bde296c3ab174861954e8aafaaf2e94\junit-jupiter-engine-5.9.1.jar;C:\Users\Asus\.gradle\caches\modules-2\files-2.1\org.junit.jupiter\junit-jupiter-api\5.9.1\7bb53fbc0173e9f6a9d21d58297af94b1f2f9ce1\junit-jupiter-api-5.9.1.jar;C:\Users\Asus\.gradle\caches\modules-2\files-2.1\org.junit.platform\junit-platform-engine\1.9.1\83591e5089d6cea5f324aa3ecca9b19d5a275803\junit-platform-engine-1.9.1.jar;C:\Users\Asus\.gradle\caches\modules-2\files-2.1\org.junit.platform\junit-platform-commons\1.9.1\3145f821b5cd10abcdc5f925baa5fffa6f1b628f\junit-platform-commons-1.9.1.jar;C:\Users\Asus\.gradle\caches\modules-2\files-2.1\org.seleniumhq.selenium\selenium-chrome-driver\4.18.1\60e771f59c512e4e81818c09705996e296b379b0\selenium-chrome-driver-4.18.1.jar;C:\Users\Asus\.gradle\caches\modules-2\files-2.1\org.seleniumhq.selenium\selenium-devtools-v120\4.18.1\2289c386c7ea8ee3011a20b903367f6b4e3d51e7\selenium-devtools-v120-4.18.1.jar;C:\Users\Asus\.gradle\caches\modules-2\files-2.1\org.seleniumhq.selenium\selenium-devtools-v121\4.18.1\ef0c6963c0f1709d2d4bae28470af3dc39b139c9\selenium-devtools-v121-4.18.1.jar;C:\Users\Asus\.gradle\caches\modules-2\files-2.1\org.seleniumhq.selenium\selenium-devtools-v122\4.18.1\34f0f3ca7ae5c4b56b066bff1ccf13ddaa610beb\selenium-devtools-v122-4.18.1.jar;C:\Users\Asus\.gradle\caches\modules-2\files-2.1\org.seleniumhq.selenium\selenium-firefox-driver\4.18.1\4a7cce02c049d99d8b3cdd54d6f13c58de23fcf8\selenium-firefox-driver-4.18.1.jar;C:\Users\Asus\.gradle\caches\modules-2\files-2.1\org.seleniumhq.selenium\selenium-devtools-v85\4.18.1\69c7b5c4d5c2734a1ab60010b43445214235c5b3\selenium-devtools-v85-4.18.1.jar;C:\Users\Asus\.gradle\caches\modules-2\files-2.1\org.seleniumhq.selenium\selenium-edge-driver\4.18.1\ff61796fa837f6864e5185b564819479f1bddd9b\selenium-edge-driver-4.18.1.jar;C:\Users\Asus\.gradle\caches\modules-2\files-2.1\org.seleniumhq.selenium\selenium-ie-driver\4.18.1\bb254836900b0b73184d7613b377b47c77eeb99f\selenium-ie-driver-4.18.1.jar;C:\Users\Asus\.gradle\caches\modules-2\files-2.1\org.seleniumhq.selenium\selenium-safari-driver\4.18.1\8e6a3183a3d1d12760bdcedf1bd90fc0c60d142c\selenium-safari-driver-4.18.1.jar;C:\Users\Asus\.gradle\caches\modules-2\files-2.1\org.seleniumhq.selenium\selenium-support\4.18.1\4c609ec0602c2cf356f28a029e89bf7ef7ab564f\selenium-support-4.18.1.jar;C:\Users\Asus\.gradle\caches\modules-2\files-2.1\org.seleniumhq.selenium\selenium-chromium-driver\4.18.1\f76d40776a5473b84c81b4873940c211a0fb82bb\selenium-chromium-driver-4.18.1.jar;C:\Users\Asus\.gradle\caches\modules-2\files-2.1\org.seleniumhq.selenium\selenium-remote-driver\4.18.1\12309bd8ccc32be31d2e5ce32a28e424c4bbfe46\selenium-remote-driver-4.18.1.jar;C:\Users\Asus\.gradle\caches\modules-2\files-2.1\org.seleniumhq.selenium\selenium-manager\4.18.1\513aad0704f64aa45cda9518f0c41695fe5cf9df\selenium-manager-4.18.1.jar;C:\Users\Asus\.gradle\caches\modules-2\files-2.1\org.seleniumhq.selenium\selenium-http\4.18.1\1d9a4d19a4a6acb66a795305d755c49e84503499\selenium-http-4.18.1.jar;C:\Users\Asus\.gradle\caches\modules-2\files-2.1\org.seleniumhq.selenium\selenium-json\4.18.1\f75daaa9de8acc3967be8f4ba77f4c84abb7f50d\selenium-json-4.18.1.jar;C:\Users\Asus\.gradle\caches\modules-2\files-2.1\org.seleniumhq.selenium\selenium-os\4.18.1\e05697c8ad755ac2ba997f09b8dd48500b0c0ce7\selenium-os-4.18.1.jar;C:\Users\Asus\.gradle\caches\modules-2\files-2.1\org.seleniumhq.selenium\selenium-api\4.18.1\9c3b460c2c8878fcf966cd0e3e253759f59ae266\selenium-api-4.18.1.jar;C:\Users\Asus\.gradle\caches\modules-2\files-2.1\com.google.auto.service\auto-service-annotations\1.1.1\da12a15cd058ba90a0ff55357fb521161af4736d\auto-service-annotations-1.1.1.jar;C:\Users\Asus\.gradle\caches\modules-2\files-2.1\com.google.guava\guava\33.0.0-jre\161ba27964a62f241533807a46b8711b13c1d94b\guava-33.0.0-jre.jar;C:\Users\Asus\.gradle\caches\modules-2\files-2.1\io.opentelemetry.semconv\opentelemetry-semconv\1.23.1-alpha\218e361772670212a46be5940010222d68e66f2a\opentelemetry-semconv-1.23.1-alpha.jar;C:\Users\Asus\.gradle\caches\modules-2\files-2.1\io.opentelemetry\opentelemetry-exporter-logging\1.35.0\5f038bc2b9a1f415c8f74c4a35e0d92fae64c430\opentelemetry-exporter-logging-1.35.0.jar;C:\Users\Asus\.gradle\caches\modules-2\files-2.1\io.opentelemetry\opentelemetry-sdk-extension-autoconfigure\1.35.0\8b11eec0db81510bab424d959297173f4fc94347\opentelemetry-sdk-extension-autoconfigure-1.35.0.jar;C:\Users\Asus\.gradle\caches\modules-2\files-2.1\io.opentelemetry\opentelemetry-sdk-extension-autoconfigure-spi\1.35.0\9279e70b9248b3bb68871a53da9bd2cdee318e56\opentelemetry-sdk-extension-autoconfigure-spi-1.35.0.jar;C:\Users\Asus\.gradle\caches\modules-2\files-2.1\io.opentelemetry\opentelemetry-sdk\1.35.0\82fe6a227fb3148aae2e61978cf77f7005a66bca\opentelemetry-sdk-1.35.0.jar;C:\Users\Asus\.gradle\caches\modules-2\files-2.1\io.opentelemetry\opentelemetry-sdk-trace\1.35.0\861b6a3c43a15ca3782f1fa17b024b9afa4b3ea6\opentelemetry-sdk-trace-1.35.0.jar;C:\Users\Asus\.gradle\caches\modules-2\files-2.1\io.opentelemetry\opentelemetry-sdk-metrics\1.35.0\97942849d51081e766a29646175b752bb79d7ce0\opentelemetry-sdk-metrics-1.35.0.jar;C:\Users\Asus\.gradle\caches\modules-2\files-2.1\io.opentelemetry\opentelemetry-sdk-logs\1.35.0\da2122051bd95d3a36bf34f72f1b0dd9b105fd1f\opentelemetry-sdk-logs-1.35.0.jar;C:\Users\Asus\.gradle\caches\modules-2\files-2.1\io.opentelemetry\opentelemetry-sdk-common\1.35.0\5d2bc29d8f2ef2cf5a2239ac6990a2c89118456d\opentelemetry-sdk-common-1.35.0.jar;C:\Users\Asus\.gradle\caches\modules-2\files-2.1\io.opentelemetry\opentelemetry-api-events\1.35.0-alpha\51c942e6d5da03fd4d144ac48320028956193689\opentelemetry-api-events-1.35.0-alpha.jar;C:\Users\Asus\.gradle\caches\modules-2\files-2.1\io.opentelemetry\opentelemetry-extension-incubator\1.35.0-alpha\72720d7880110d02aad6d69066cc0311c568f17d\opentelemetry-extension-incubator-1.35.0-alpha.jar;C:\Users\Asus\.gradle\caches\modules-2\files-2.1\io.opentelemetry\opentelemetry-api\1.35.0\388c49986bc20f3b4bea58470eb16decd230c2db\opentelemetry-api-1.35.0.jar;C:\Users\Asus\.gradle\caches\modules-2\files-2.1\io.opentelemetry\opentelemetry-context\1.35.0\6e2aa0e28c5069121cf11b2c93225942358f1423\opentelemetry-context-1.35.0.jar;C:\Users\Asus\.gradle\caches\modules-2\files-2.1\net.bytebuddy\byte-buddy\1.14.12\6e37f743dc15a8d7a4feb3eb0025cbc612d5b9e1\byte-buddy-1.14.12.jar;C:\Users\Asus\.gradle\caches\modules-2\files-2.1\org.opentest4j\opentest4j\1.2.0\28c11eb91f9b6d8e200631d46e20a7f407f2a046\opentest4j-1.2.0.jar;C:\Users\Asus\.gradle\caches\modules-2\files-2.1\dev.failsafe\failsafe\3.3.2\738a986f1f0e4b6c6a49d351dddc772d1378c5a8\failsafe-3.3.2.jar;C:\Users\Asus\.gradle\caches\modules-2\files-2.1\com.google.guava\failureaccess\1.0.2\c4a06a64e650562f30b7bf9aaec1bfed43aca12b\failureaccess-1.0.2.jar;C:\Users\Asus\.gradle\caches\modules-2\files-2.1\com.google.guava\listenablefuture\9999.0-empty-to-avoid-conflict-with-guava\b421526c5f297295adef1c886e5246c39d4ac629\listenablefuture-9999.0-empty-to-avoid-conflict-with-guava.jar;C:\Users\Asus\.gradle\caches\modules-2\files-2.1\com.google.code.findbugs\jsr305\3.0.2\25ea2e8b0c338a877313bd4672d3fe056ea78f0d\jsr305-3.0.2.jar;C:\Users\Asus\.gradle\caches\modules-2\files-2.1\org.checkerframework\checker-qual\3.41.0\8be6df7f1e9bccb19f8f351b3651f0bac2f5e0c\checker-qual-3.41.0.jar;C:\Users\Asus\.gradle\caches\modules-2\files-2.1\com.google.errorprone\error_prone_annotations\2.23.0\43a27853b6c7d54893e0b1997c2c778c347179eb\error_prone_annotations-2.23.0.jar;C:\Users\Asus\.gradle\caches\modules-2\files-2.1\org.apache.commons\commons-exec\1.3\8dfb9facd0830a27b1b5f29f84593f0aeee7773b\commons-exec-1.3.jar;C:\Users\Asus\.gradle\wrapper\dists\gradle-8.6-bin\afr5mpiioh2wthjmwnkmdsd5w\gradle-8.6\lib\plugins\junit-platform-engine-1.8.2.jar;C:\Users\Asus\.gradle\wrapper\dists\gradle-8.6-bin\afr5mpiioh2wthjmwnkmdsd5w\gradle-8.6\lib\plugins\junit-platform-launcher-1.8.2.jar;C:\Users\Asus\.gradle\wrapper\dists\gradle-8.6-bin\afr5mpiioh2wthjmwnkmdsd5w\gradle-8.6\lib\plugins\junit-platform-commons-1.8.2.jar
Launcher Type: SUN_STANDARD

[Global flags]
     intx CICompilerCount                          = 4                                         {product} {ergonomic}
     uint ConcGCThreads                            = 2                                         {product} {ergonomic}
     uint G1ConcRefinementThreads                  = 8                                         {product} {ergonomic}
   size_t G1HeapRegionSize                         = 1048576                                   {product} {ergonomic}
    uintx GCDrainStackTargetSize                   = 64                                        {product} {ergonomic}
   size_t InitialHeapSize                          = 132120576                                 {product} {ergonomic}
   size_t MarkStackSize                            = 4194304                                   {product} {ergonomic}
   size_t MaxHeapSize                              = 536870912                                 {product} {command line}
   size_t MinHeapDeltaBytes                        = 1048576                                   {product} {ergonomic}
   size_t MinHeapSize                              = 8388608                                   {product} {ergonomic}
    uintx NonNMethodCodeHeapSize                   = 5839372                                {pd product} {ergonomic}
    uintx NonProfiledCodeHeapSize                  = 122909434                              {pd product} {ergonomic}
    uintx ProfiledCodeHeapSize                     = 122909434                              {pd product} {ergonomic}
    uintx ReservedCodeCacheSize                    = 251658240                              {pd product} {ergonomic}
     bool SegmentedCodeCache                       = true                                      {product} {ergonomic}
   size_t SoftMaxHeapSize                          = 536870912                              {manageable} {ergonomic}
     bool UseCompressedOops                        = true                           {product lp64_product} {ergonomic}
     bool UseG1GC                                  = true                                      {product} {ergonomic}
     bool UseLargePagesIndividualAllocation        = false                                  {pd product} {ergonomic}

Logging:
Log output configuration:
 #0: stdout all=warning uptime,level,tags foldmultilines=false
 #1: stderr all=off uptime,level,tags foldmultilines=false

Environment Variables:
JAVA_HOME=C:\Program Files\Java\jdk-21
PATH=C:\Program Files\Common Files\Oracle\Java\javapath;C:\WINDOWS\system32;C:\WINDOWS;C:\WINDOWS\System32\Wbem;C:\WINDOWS\System32\WindowsPowerShell\v1.0\;C:\WINDOWS\System32\OpenSSH\;C:\Program Files\Git\cmd;C:\Program Files\nodejs\;C:\Program Files\Java\jdk-21\bin;F:\apache-jmeter-5.6.3\apache-jmeter-5.6.3\bin;C:\Program Files\Java\gradle-8.6\bin;C:\Users\Asus\AppData\Local\Microsoft\WindowsApps;;C:\Users\Asus\AppData\Roaming\npm;C:\Users\Asus\AppData\Local\Programs\Microsoft VS Code\bin
USERNAME=Asus
OS=Windows_NT
PROCESSOR_IDENTIFIER=Intel64 Family 6 Model 142 Stepping 12, GenuineIntel
TMP=C:\Users\Asus\AppData\Local\Temp
TEMP=C:\Users\Asus\AppData\Local\Temp




Periodic native trim disabled

---------------  S Y S T E M  ---------------

OS:
 Windows 11 , 64 bit Build 22621 (10.0.22621.3235)
OS uptime: 0 days 7:51 hours
Hyper-V role detected

CPU: total 8 (initial active 8) (4 cores per cpu, 2 threads per core) family 6 model 142 stepping 12 microcode 0xde, cx8, cmov, fxsr, ht, mmx, 3dnowpref, sse, sse2, sse3, ssse3, sse4.1, sse4.2, popcnt, lzcnt, tsc, tscinvbit, avx, avx2, aes, erms, clmul, bmi1, bmi2, adx, fma, vzeroupper, clflush, clflushopt, hv, rdtscp, f16c
Processor Information for all 8 processors :
  Max Mhz: 1800, Current Mhz: 1600, Mhz Limit: 1584

Memory: 4k page, system-wide physical 8043M (198M free)
TotalPageFile size 23196M (AvailPageFile size 60M)
current process WorkingSet (physical memory assigned to process): 11M, peak: 11M
current process commit charge ("private bytes"): 60M, peak: 186M

vm_info: Java HotSpot(TM) 64-Bit Server VM (21.0.1+12-LTS-29) for windows-amd64 JRE (21.0.1+12-LTS-29), built on 2023-10-05T13:27:09Z by "mach5one" with MS VC++ 17.1 (VS2022)

END.
